2024-08-12 21:46:38,379 - CoverFox -INFO - open Browser
2024-08-12 21:46:45,125 - CoverFox -INFO - clickOnGenderButton
2024-08-12 21:46:46,768 - CoverFox -INFO - clickOnNextButton
2024-08-12 21:46:47,932 - CoverFox -WARN - age beetween 18 to 75
2024-08-12 21:46:48,340 - CoverFox -INFO - clickOnNextButton
2024-08-12 21:46:49,492 - CoverFox -WARN - Enter Right Pin Code
2024-08-12 21:46:49,647 - CoverFox -WARN - Enter Right MobileNumber 
2024-08-12 21:46:49,926 - CoverFox -INFO - Click On Contineu Button
2024-08-12 21:46:50,255 - CoverFox -INFO - validateBanners
2024-08-12 21:46:55,569 - CoverFox -INFO - validatePresentOfSortButton
2024-08-12 21:46:55,656 - CoverFox -INFO - close browser
2024-08-12 21:51:41,464 - CoverFox -INFO - open Browser
2024-08-12 21:51:47,752 - CoverFox -INFO - clickOnGenderButton
2024-08-12 21:51:49,511 - CoverFox -INFO - clickOnNextButton
2024-08-12 21:51:50,622 - CoverFox -WARN - age beetween 18 to 75
2024-08-12 21:51:51,294 - CoverFox -INFO - clickOnNextButton
2024-08-12 21:51:52,639 - CoverFox -WARN - Enter Right Pin Code
2024-08-12 21:51:52,809 - CoverFox -WARN - Enter Right MobileNumber 
2024-08-12 21:51:52,937 - CoverFox -INFO - Click On Contineu Button
2024-08-12 21:51:53,347 - CoverFox -INFO - validateBanners
2024-08-12 21:51:58,989 - CoverFox -INFO - validatePresentOfSortButton
2024-08-12 21:51:59,163 - CoverFox -INFO - close browser
2024-08-12 21:53:03,455 - CoverFox -INFO - open Browser
2024-08-12 21:53:10,367 - CoverFox -INFO - clickOnGenderButton
2024-08-12 21:53:11,935 - CoverFox -INFO - clickOnNextButton
2024-08-12 21:53:13,395 - CoverFox -WARN - age beetween 18 to 75
2024-08-12 21:53:14,476 - CoverFox -INFO - clickOnNextButton
2024-08-12 21:53:15,784 - CoverFox -WARN - Enter Right Pin Code
2024-08-12 21:53:15,896 - CoverFox -WARN - Enter Right MobileNumber 
2024-08-12 21:53:16,338 - CoverFox -INFO - Click On Contineu Button
2024-08-12 21:53:16,856 - CoverFox -INFO - validateBanners
2024-08-12 21:53:22,359 - CoverFox -INFO - validatePresentOfSortButton
2024-08-12 21:53:22,466 - CoverFox -INFO - close browser
2024-08-12 21:55:13,207 - CoverFox -INFO - open Browser
2024-08-12 21:55:22,806 - CoverFox -INFO - clickOnGenderButton
2024-08-12 21:55:24,404 - CoverFox -INFO - clickOnNextButton
2024-08-12 21:55:25,632 - CoverFox -WARN - age beetween 18 to 75
2024-08-12 21:55:26,006 - CoverFox -INFO - clickOnNextButton
2024-08-12 21:55:27,162 - CoverFox -WARN - Enter Right Pin Code
2024-08-12 21:55:27,311 - CoverFox -WARN - Enter Right MobileNumber 
2024-08-12 21:55:27,960 - CoverFox -INFO - Click On Contineu Button
2024-08-12 21:55:28,257 - CoverFox -INFO - validateBanners
2024-08-12 21:55:34,371 - CoverFox -INFO - validatePresentOfSortButton
2024-08-12 21:55:34,501 - CoverFox -INFO - close browser
2024-08-12 22:05:18,002 - CoverFox -INFO - open Browser
2024-08-12 22:05:24,794 - CoverFox -INFO - clickOnGenderButton
2024-08-12 22:05:26,430 - CoverFox -INFO - clickOnNextButton
2024-08-12 22:05:27,519 - CoverFox -WARN - age beetween 18 to 75
2024-08-12 22:05:27,815 - CoverFox -INFO - clickOnNextButton
2024-08-12 22:05:28,936 - CoverFox -WARN - Enter Right Pin Code
2024-08-12 22:05:29,096 - CoverFox -WARN - Enter Right MobileNumber 
2024-08-12 22:05:29,249 - CoverFox -INFO - Click On Contineu Button
2024-08-12 22:05:29,568 - CoverFox -INFO - validateBanners
2024-08-12 22:05:34,879 - CoverFox -INFO - validatePresentOfSortButton
2024-08-12 22:05:34,946 - CoverFox -INFO - close browser
2024-08-12 22:07:09,692 - CoverFox -INFO - open Browser
2024-08-12 22:07:14,185 - CoverFox -INFO - clickOnGenderButton
2024-08-12 22:07:17,601 - CoverFox -INFO - clickOnNextButton
2024-08-12 22:07:18,736 - CoverFox -WARN - age beetween 18 to 75
2024-08-12 22:07:19,057 - CoverFox -INFO - clickOnNextButton
2024-08-12 22:07:20,275 - CoverFox -WARN - Enter Right Pin Code
2024-08-12 22:07:20,589 - CoverFox -WARN - Enter Right MobileNumber 
2024-08-12 22:07:20,716 - CoverFox -INFO - Click On Contineu Button
2024-08-12 22:07:21,086 - CoverFox -INFO - validateBanners
2024-08-12 22:07:26,540 - CoverFox -INFO - validatePresentOfSortButton
2024-08-12 22:07:26,735 - CoverFox -INFO - close browser
2024-08-15 22:35:15,550 - CoverFox -INFO - open Browser
2024-08-15 22:35:21,742 - CoverFox -INFO - clickOnGenderButton
2024-08-15 22:35:23,371 - CoverFox -INFO - clickOnNextButton
2024-08-15 22:35:24,466 - CoverFox -WARN - age beetween 18 to 75
2024-08-15 22:35:24,803 - CoverFox -INFO - clickOnNextButton
2024-08-15 22:35:25,875 - CoverFox -WARN - Enter Right Pin Code
2024-08-15 22:35:25,994 - CoverFox -WARN - Enter Right MobileNumber 
2024-08-15 22:35:26,113 - CoverFox -INFO - Click On Contineu Button
2024-08-15 22:35:26,351 - CoverFox -INFO - validateBanners
2024-08-15 22:35:31,772 - CoverFox -INFO - validatePresentOfSortButton
2024-08-15 22:35:32,013 - CoverFox -INFO - close browser
2024-08-15 22:36:21,208 - CoverFox -INFO - open Browser
2024-08-15 22:36:28,511 - CoverFox -INFO - clickOnGenderButton
2024-08-15 22:36:30,110 - CoverFox -INFO - clickOnNextButton
2024-08-15 22:36:31,233 - CoverFox -WARN - age beetween 18 to 75
2024-08-15 22:36:31,481 - CoverFox -INFO - clickOnNextButton
2024-08-15 22:36:32,604 - CoverFox -WARN - Enter Right Pin Code
2024-08-15 22:36:32,793 - CoverFox -WARN - Enter Right MobileNumber 
2024-08-15 22:36:32,897 - CoverFox -INFO - Click On Contineu Button
2024-08-15 22:36:33,235 - CoverFox -INFO - validateBanners
2024-08-15 22:36:38,528 - CoverFox -INFO - validatePresentOfSortButton
2024-08-15 22:36:38,613 - CoverFox -INFO - close browser
2024-08-16 19:52:43,895 - CoverFox -INFO - open Browser
2024-08-16 19:52:50,224 - CoverFox -INFO - clickOnGenderButton
2024-08-16 19:52:51,943 - CoverFox -INFO - clickOnNextButton
2024-08-16 19:52:53,053 - CoverFox -WARN - age beetween 18 to 75
2024-08-16 19:52:53,356 - CoverFox -INFO - clickOnNextButton
2024-08-16 19:52:54,456 - CoverFox -WARN - Enter Right Pin Code
2024-08-16 19:52:54,556 - CoverFox -WARN - Enter Right MobileNumber 
2024-08-16 19:52:54,646 - CoverFox -INFO - Click On Contineu Button
2024-08-16 19:52:54,752 - CoverFox -INFO - validateBanners
2024-08-16 19:52:59,843 - CoverFox -INFO - validatePresentOfSortButton
2024-08-16 19:52:59,903 - CoverFox -INFO - close browser
