2024-08-12 21:46:38,379 [main] INFO CoverFox - open Browser
2024-08-12 21:46:45,125 [main] INFO CoverFox - clickOnGenderButton
2024-08-12 21:46:46,768 [main] INFO CoverFox - clickOnNextButton
2024-08-12 21:46:47,932 [main] WARN CoverFox - age beetween 18 to 75
2024-08-12 21:46:48,340 [main] INFO CoverFox - clickOnNextButton
2024-08-12 21:46:49,492 [main] WARN CoverFox - Enter Right Pin Code
2024-08-12 21:46:49,647 [main] WARN CoverFox - Enter Right MobileNumber 
2024-08-12 21:46:49,926 [main] INFO CoverFox - Click On Contineu Button
2024-08-12 21:46:50,255 [main] INFO CoverFox - validateBanners
2024-08-12 21:46:55,569 [main] INFO CoverFox - validatePresentOfSortButton
2024-08-12 21:46:55,656 [main] INFO CoverFox - close browser
2024-08-12 21:51:41,464 [main] INFO CoverFox - open Browser
2024-08-12 21:51:47,752 [main] INFO CoverFox - clickOnGenderButton
2024-08-12 21:51:49,511 [main] INFO CoverFox - clickOnNextButton
2024-08-12 21:51:50,622 [main] WARN CoverFox - age beetween 18 to 75
2024-08-12 21:51:51,294 [main] INFO CoverFox - clickOnNextButton
2024-08-12 21:51:52,639 [main] WARN CoverFox - Enter Right Pin Code
2024-08-12 21:51:52,809 [main] WARN CoverFox - Enter Right MobileNumber 
2024-08-12 21:51:52,937 [main] INFO CoverFox - Click On Contineu Button
2024-08-12 21:51:53,347 [main] INFO CoverFox - validateBanners
2024-08-12 21:51:58,989 [main] INFO CoverFox - validatePresentOfSortButton
2024-08-12 21:51:59,163 [main] INFO CoverFox - close browser
2024-08-12 21:53:03,455 [main] INFO CoverFox - open Browser
2024-08-12 21:53:10,367 [main] INFO CoverFox - clickOnGenderButton
2024-08-12 21:53:11,935 [main] INFO CoverFox - clickOnNextButton
2024-08-12 21:53:13,395 [main] WARN CoverFox - age beetween 18 to 75
2024-08-12 21:53:14,476 [main] INFO CoverFox - clickOnNextButton
2024-08-12 21:53:15,784 [main] WARN CoverFox - Enter Right Pin Code
2024-08-12 21:53:15,896 [main] WARN CoverFox - Enter Right MobileNumber 
2024-08-12 21:53:16,338 [main] INFO CoverFox - Click On Contineu Button
2024-08-12 21:53:16,856 [main] INFO CoverFox - validateBanners
2024-08-12 21:53:22,359 [main] INFO CoverFox - validatePresentOfSortButton
2024-08-12 21:53:22,466 [main] INFO CoverFox - close browser
2024-08-12 21:55:13,207 [main] INFO CoverFox - open Browser
2024-08-12 21:55:22,806 [main] INFO CoverFox - clickOnGenderButton
2024-08-12 21:55:24,404 [main] INFO CoverFox - clickOnNextButton
2024-08-12 21:55:25,632 [main] WARN CoverFox - age beetween 18 to 75
2024-08-12 21:55:26,006 [main] INFO CoverFox - clickOnNextButton
2024-08-12 21:55:27,162 [main] WARN CoverFox - Enter Right Pin Code
2024-08-12 21:55:27,311 [main] WARN CoverFox - Enter Right MobileNumber 
2024-08-12 21:55:27,960 [main] INFO CoverFox - Click On Contineu Button
2024-08-12 21:55:28,257 [main] INFO CoverFox - validateBanners
2024-08-12 21:55:34,371 [main] INFO CoverFox - validatePresentOfSortButton
2024-08-12 21:55:34,501 [main] INFO CoverFox - close browser
2024-08-12 22:05:18,002 [main] INFO CoverFox - open Browser
2024-08-12 22:05:24,794 [main] INFO CoverFox - clickOnGenderButton
2024-08-12 22:05:26,430 [main] INFO CoverFox - clickOnNextButton
2024-08-12 22:05:27,519 [main] WARN CoverFox - age beetween 18 to 75
2024-08-12 22:05:27,815 [main] INFO CoverFox - clickOnNextButton
2024-08-12 22:05:28,936 [main] WARN CoverFox - Enter Right Pin Code
2024-08-12 22:05:29,096 [main] WARN CoverFox - Enter Right MobileNumber 
2024-08-12 22:05:29,249 [main] INFO CoverFox - Click On Contineu Button
2024-08-12 22:05:29,568 [main] INFO CoverFox - validateBanners
2024-08-12 22:05:34,879 [main] INFO CoverFox - validatePresentOfSortButton
2024-08-12 22:05:34,946 [main] INFO CoverFox - close browser
2024-08-12 22:07:09,692 [main] INFO CoverFox - open Browser
2024-08-12 22:07:14,185 [main] INFO CoverFox - clickOnGenderButton
2024-08-12 22:07:17,601 [main] INFO CoverFox - clickOnNextButton
2024-08-12 22:07:18,736 [main] WARN CoverFox - age beetween 18 to 75
2024-08-12 22:07:19,057 [main] INFO CoverFox - clickOnNextButton
2024-08-12 22:07:20,275 [main] WARN CoverFox - Enter Right Pin Code
2024-08-12 22:07:20,589 [main] WARN CoverFox - Enter Right MobileNumber 
2024-08-12 22:07:20,716 [main] INFO CoverFox - Click On Contineu Button
2024-08-12 22:07:21,086 [main] INFO CoverFox - validateBanners
2024-08-12 22:07:26,540 [main] INFO CoverFox - validatePresentOfSortButton
2024-08-12 22:07:26,735 [main] INFO CoverFox - close browser
2024-08-15 22:35:15,550 [main] INFO CoverFox - open Browser
2024-08-15 22:35:21,742 [main] INFO CoverFox - clickOnGenderButton
2024-08-15 22:35:23,371 [main] INFO CoverFox - clickOnNextButton
2024-08-15 22:35:24,466 [main] WARN CoverFox - age beetween 18 to 75
2024-08-15 22:35:24,803 [main] INFO CoverFox - clickOnNextButton
2024-08-15 22:35:25,875 [main] WARN CoverFox - Enter Right Pin Code
2024-08-15 22:35:25,994 [main] WARN CoverFox - Enter Right MobileNumber 
2024-08-15 22:35:26,113 [main] INFO CoverFox - Click On Contineu Button
2024-08-15 22:35:26,351 [main] INFO CoverFox - validateBanners
2024-08-15 22:35:31,772 [main] INFO CoverFox - validatePresentOfSortButton
2024-08-15 22:35:32,013 [main] INFO CoverFox - close browser
2024-08-15 22:36:21,208 [main] INFO CoverFox - open Browser
2024-08-15 22:36:28,511 [main] INFO CoverFox - clickOnGenderButton
2024-08-15 22:36:30,110 [main] INFO CoverFox - clickOnNextButton
2024-08-15 22:36:31,233 [main] WARN CoverFox - age beetween 18 to 75
2024-08-15 22:36:31,481 [main] INFO CoverFox - clickOnNextButton
2024-08-15 22:36:32,604 [main] WARN CoverFox - Enter Right Pin Code
2024-08-15 22:36:32,793 [main] WARN CoverFox - Enter Right MobileNumber 
2024-08-15 22:36:32,897 [main] INFO CoverFox - Click On Contineu Button
2024-08-15 22:36:33,235 [main] INFO CoverFox - validateBanners
2024-08-15 22:36:38,528 [main] INFO CoverFox - validatePresentOfSortButton
2024-08-15 22:36:38,613 [main] INFO CoverFox - close browser
2024-08-16 19:52:43,895 [main] INFO CoverFox - open Browser
2024-08-16 19:52:50,224 [main] INFO CoverFox - clickOnGenderButton
2024-08-16 19:52:51,943 [main] INFO CoverFox - clickOnNextButton
2024-08-16 19:52:53,053 [main] WARN CoverFox - age beetween 18 to 75
2024-08-16 19:52:53,356 [main] INFO CoverFox - clickOnNextButton
2024-08-16 19:52:54,456 [main] WARN CoverFox - Enter Right Pin Code
2024-08-16 19:52:54,556 [main] WARN CoverFox - Enter Right MobileNumber 
2024-08-16 19:52:54,646 [main] INFO CoverFox - Click On Contineu Button
2024-08-16 19:52:54,752 [main] INFO CoverFox - validateBanners
2024-08-16 19:52:59,843 [main] INFO CoverFox - validatePresentOfSortButton
2024-08-16 19:52:59,903 [main] INFO CoverFox - close browser
